0 info it worked if it ends with ok
1 verbose cli [ '/fuckthis/bin/node', '/fuckthis/bin/npm', 'start' ]
2 info using npm@3.10.10
3 info using node@v6.10.3
4 verbose run-script [ 'prestart', 'start', 'poststart' ]
5 info lifecycle dndtable-webserver@1.0.0-alpha~prestart: dndtable-webserver@1.0.0-alpha
6 silly lifecycle dndtable-webserver@1.0.0-alpha~prestart: no script for prestart, continuing
7 info lifecycle dndtable-webserver@1.0.0-alpha~start: dndtable-webserver@1.0.0-alpha
8 verbose lifecycle dndtable-webserver@1.0.0-alpha~start: unsafe-perm in lifecycle true
9 verbose lifecycle dndtable-webserver@1.0.0-alpha~start: PATH: /fuckthis/lib/node_modules/npm/bin/node-gyp-bin:/home/eric/Repositories/dndTable/webserver/node_modules/.bin:/fuckthis/bin:/usr/local/go/bin:/fuckthis/bin:/usr/local/go/bin:/fuckthis/bin:/usr/local/go/bin:/home/eric/xiki-project/bin:/fuckthis/local/go/bin:/home/eric/.nvm/versions/node/v10.9.0/bin:/fuckthis/bin:/usr/local/go/bin:/home/eric/goworkspace/bin:/usr/lib/go/bin:/home/eric/.local/share/umake/bin:/home/eric/bin:/home/eric/.local/bin:/usr/local/sbin:/usr/local/bin:/usr/sbin:/usr/bin:/sbin:/bin:/usr/games:/usr/local/games:/snap/bin:/opt/processing:/etc/rosewoodmedia/bin:/home/eric/Files/ta/OperatingSystems/Tools/bin:/home/eric/Repositories/investabit/setup/scripts:/home/eric/Android/Sdk/platform-tools:/home/eric/Android/Sdk/tools:/usr/lib/jvm/default-java/bin:/fuckthis/bin:/fuckthis/bin:/etc/rosewoodmedia/bin:/etc/rosewoodmedia/bin:/etc/rosewoodmedia/bin:/home/eric/Files/ta/OperatingSystems/Tools/bin:/home/eric/Repositories/investabit/setup/scripts:/etc/rosewoodmedia/bin:/home/eric/Files/ta/OperatingSystems/Tools/bin:/home/eric/Repositories/investabit/setup/scripts:/etc/rosewoodmedia/bin:/home/eric/Files/ta/OperatingSystems/Tools/bin:/home/eric/Repositories/investabit/setup/scripts
10 verbose lifecycle dndtable-webserver@1.0.0-alpha~start: CWD: /home/eric/Repositories/dndTable/webserver
11 silly lifecycle dndtable-webserver@1.0.0-alpha~start: Args: [ '-c', 'node ./bin/index.js' ]
12 silly lifecycle dndtable-webserver@1.0.0-alpha~start: Returned: code: 1  signal: null
13 info lifecycle dndtable-webserver@1.0.0-alpha~start: Failed to exec start script
14 verbose stack Error: dndtable-webserver@1.0.0-alpha start: `node ./bin/index.js`
14 verbose stack Exit status 1
14 verbose stack     at EventEmitter.<anonymous> (/fuckthis/lib/node_modules/npm/lib/utils/lifecycle.js:255:16)
14 verbose stack     at emitTwo (events.js:106:13)
14 verbose stack     at EventEmitter.emit (events.js:191:7)
14 verbose stack     at ChildProcess.<anonymous> (/fuckthis/lib/node_modules/npm/lib/utils/spawn.js:40:14)
14 verbose stack     at emitTwo (events.js:106:13)
14 verbose stack     at ChildProcess.emit (events.js:191:7)
14 verbose stack     at maybeClose (internal/child_process.js:886:16)
14 verbose stack     at Process.ChildProcess._handle.onexit (internal/child_process.js:226:5)
15 verbose pkgid dndtable-webserver@1.0.0-alpha
16 verbose cwd /home/eric/Repositories/dndTable/webserver
17 error Linux 4.4.0-96-generic
18 error argv "/fuckthis/bin/node" "/fuckthis/bin/npm" "start"
19 error node v6.10.3
20 error npm  v3.10.10
21 error code ELIFECYCLE
22 error dndtable-webserver@1.0.0-alpha start: `node ./bin/index.js`
22 error Exit status 1
23 error Failed at the dndtable-webserver@1.0.0-alpha start script 'node ./bin/index.js'.
23 error Make sure you have the latest version of node.js and npm installed.
23 error If you do, this is most likely a problem with the dndtable-webserver package,
23 error not with npm itself.
23 error Tell the author that this fails on your system:
23 error     node ./bin/index.js
23 error You can get information on how to open an issue for this project with:
23 error     npm bugs dndtable-webserver
23 error Or if that isn't available, you can get their info via:
23 error     npm owner ls dndtable-webserver
23 error There is likely additional logging output above.
24 verbose exit [ 1, true ]
